<?xml version="1.0" encoding="UTF-8"?>
<testsuite xmlns:xsi="http://www.w3.org/2001/XMLSchema-instance" xsi:noNamespaceSchemaLocation="https://maven.apache.org/surefire/maven-surefire-plugin/xsd/surefire-test-report.xsd" version="3.0.2" name="com.gavayam.gconfigserver.GconfigserverApplicationTests" time="16.396" tests="1" errors="0" skipped="0" failures="0">
  <properties>
[...]
</properties>
  <testcase name="contextLoads" classname="com.gavayam.gconfigserver.GconfigserverApplicationTests" time="2.06">
    <system-out><![CDATA[22:02:09.624 [main] INFO org.springframework.test.context.support.AnnotationConfigContextLoaderUtils -- Could not detect default configuration classes for test class [com.gavayam.gconfigserver.GconfigserverApplicationTests]: GconfigserverApplicationTests does not declare any static, non-private, non-final, nested classes annotated with @Configuration.
22:02:09.926 [main] INFO org.springframework.boot.test.context.SpringBootTestContextBootstrapper -- Found @SpringBootConfiguration com.gavayam.gconfigserver.GmConfigServerApplication for test class com.gavayam.gconfigserver.GconfigserverApplicationTests
2025-05-03 22:02:12 [main] INFO  %PARSER_ERROR[log] - Starting GconfigserverApplicationTests using Java 21.0.5 with PID 91313 (started by uulin in /media/ehd/project/gavayam/gavayam-configserver)
2025-05-03 22:02:12 [main] DEBUG %PARSER_ERROR[log] - Running with Spring Boot v3.4.4, Spring v6.2.5
2025-05-03 22:02:12 [main] INFO  %PARSER_ERROR[log] - The following 1 profile is active: "git"
2025-05-03 22:02:12 [main] DEBUG %PARSER_ERROR[log] - Refreshing org.springframework.web.context.support.GenericWebApplicationContext@2bcec6a6
2025-05-03 22:02:16 [main] INFO  %PARSER_ERROR[log] - BeanFactory id=ac9a1dfd-5366-33ca-b968-5df3b790d8ed
2025-05-03 22:02:17 [main] DEBUG %PARSER_ERROR[log] - 23 mappings in 'requestMappingHandlerMapping'
2025-05-03 22:02:18 [main] DEBUG %PARSER_ERROR[log] - Patterns [/webjars/**, /**] in 'resourceHandlerMapping'
2025-05-03 22:02:18 [main] DEBUG %PARSER_ERROR[log] - ControllerAdvice beans: 0 @ModelAttribute, 0 @InitBinder, 1 RequestBodyAdvice, 1 ResponseBodyAdvice
2025-05-03 22:02:18 [main] DEBUG %PARSER_ERROR[log] - ControllerAdvice beans: 1 @ExceptionHandler, 1 ResponseBodyAdvice
2025-05-03 22:02:22 [main] INFO  %PARSER_ERROR[log] - Exposing 17 endpoints beneath base path '/actuator'
2025-05-03 22:02:23 [main] INFO  %PARSER_ERROR[log] - Started GconfigserverApplicationTests in 12.148 seconds (process running for 15.383)
]]></system-out>
    <system-err><![CDATA[Mockito is currently self-attaching to enable the inline-mock-maker. This will no longer work in future releases of the JDK. Please add Mockito as an agent to your build what is described in Mockito's documentation: https://javadoc.io/doc/org.mockito/mockito-core/latest/org/mockito/Mockito.html#0.3
WARNING: A Java agent has been loaded dynamically (/media/ehd/zEhdOnly/java_repository/net/bytebuddy/byte-buddy-agent/1.15.11/byte-buddy-agent-1.15.11.jar)
WARNING: If a serviceability tool is in use, please run with -XX:+EnableDynamicAgentLoading to hide this warning
WARNING: If a serviceability tool is not in use, please run with -Djdk.instrument.traceUsage for more information
WARNING: Dynamic loading of agents will be disallowed by default in a future release
]]></system-err>
  </testcase>
</testsuite>